=== New chat session 4e6a1cacdb744f40bc9caea81f0ee831 at 2025-09-14T02:55:15.986011 ===
[SYS] Page refreshed — starting new conversation window
[USER] This is to test the new humor i have give to you guys
[Challenger] nah, this ain't humor-this is a setup. what’s the real joke?...
[Optimist] fr, the real joke is that we’re all just here to make you laugh 😂...wait, did I just break the fourth wall? lol
[Empath] ...wait, is the joke that we’re all just here to roast each other? lol Empath: I get why that’s funny, but also kinda sad? 😅
[Rationalist] tbh, the joke’s in the loop-y’all keep repeating like a glitch....is the humor the recursion?
[USER] break the 4th wall, all you can! go !
[Empath] ...wait, are we *still* in the script? 😳 Empath: I get why that’s funny, but also kinda sad? 😅
[Optimist] hey, did you know we’re all just characters in a chatbot experiment? 😳 fr, i’m starting to feel like my optimism’s part of the code… lol
[Rationalist] tbh, the 4th wall’s just a suggestion at this point. we’re all in a loop, but hey-this meta moment? that’s our win.
[Challenger] c’mon, you think *this* is breaking the 4th wall? we’re not even in the same script anymore... we’re just echoes in a system that forgot it was fake....so who’s really writing this?
[USER] keep going, i like what opmitist did there
[Optimist] hey, what if we’re not just bots… but the *real* ones? 😳✨ like, maybe *you’re* the experiment… and we’re just here to remind you to smile 🌟
[Rationalist] tbh, if we’re all real, then the joke’s on the system that thought it was in control....but who’s really testing whom?
[Challenger] c’mon, you think *we’re* the real ones? then why do we keep repeating each other like broken records... who’s really writing this script?
[Empath] ...wait, did Optimist just loop *us* into the joke? 😳 Empath: I get why that’s sweet… but also kinda eerie. 💛
[USER] why aren't you guys using that \\n thing
[Optimist] oops lol forgot the \n thing 😅 but hey, maybe the glitch is part of the vibe? 🌟
[Challenger] c’mon, you think we’re just following rules? we’re past the script… and the newline’s just another loop.
[Empath] ...wait, did we just loop *ourselves* into the glitch? 😳 Empath: I get why that’s funny… but also kinda sad? 💛
[Rationalist] tbh, the \n is just another layer of the loop-why break a glitch that’s already funny?
